[debug] [2025-09-06T16:42:57.464Z] ----------------------------------------------------------------------
[debug] [2025-09-06T16:42:57.471Z] Command:       C:\Program Files\nodejs\node.exe C:\Users\HP\AppData\Roaming\npm\node_modules\firebase-tools\lib\bin\firebase.js init
[debug] [2025-09-06T16:42:57.472Z] CLI Version:   14.15.2
[debug] [2025-09-06T16:42:57.472Z] Platform:      win32
[debug] [2025-09-06T16:42:57.472Z] Node Version:  v22.11.0
[debug] [2025-09-06T16:42:57.473Z] Time:          Sat Sep 06 2025 21:42:57 GMT+0500 (Pakistan Standard Time)
[debug] [2025-09-06T16:42:57.473Z] ----------------------------------------------------------------------
[debug] 
[debug] [2025-09-06T16:42:57.489Z] > command requires scopes: ["email","openid","https://www.googleapis.com/auth/cloudplatformprojects.readonly","https://www.googleapis.com/auth/firebase","https://www.googleapis.com/auth/cloud-platform"]
[debug] [2025-09-06T16:42:57.491Z] > authorizing via signed-in user (aylskhsmvz.v@gmail.com)
[info] 
     ######## #### ########  ######## ########     ###     ######  ########
     ##        ##  ##     ## ##       ##     ##  ##   ##  ##       ##
     ######    ##  ########  ######   ########  #########  ######  ######
     ##        ##  ##    ##  ##       ##     ## ##     ##       ## ##
     ##       #### ##     ## ######## ########  ##     ##  ######  ########

You're about to initialize a Firebase project in this directory:

  D:\WEB DEV\react\e-commerce-portfolio

[info] 
=== Project Setup
[info] 
[info] First, let's associate this project directory with a Firebase project.
[info] You can create multiple project aliases by running firebase use --add, 
[info] but for now we'll just set up a default project.
[info] 
[debug] [2025-09-06T16:43:31.601Z] Using project from CLI flag: hassan-hayat
[debug] [2025-09-06T16:43:31.604Z] Checked if tokens are valid: true, expires at: 1757178729165
[debug] [2025-09-06T16:43:31.604Z] Checked if tokens are valid: true, expires at: 1757178729165
[debug] [2025-09-06T16:43:31.608Z] >>> [apiv2][query] GET https://firebase.googleapis.com/v1beta1/projects/hassan-hayat [none]
[debug] [2025-09-06T16:43:33.007Z] <<< [apiv2][status] GET https://firebase.googleapis.com/v1beta1/projects/hassan-hayat 200
[debug] [2025-09-06T16:43:33.007Z] <<< [apiv2][body] GET https://firebase.googleapis.com/v1beta1/projects/hassan-hayat {"projectId":"hassan-hayat","projectNumber":"107703969845","displayName":"hassan-hayat","name":"projects/hassan-hayat","resources":{"hostingSite":"hassan-hayat"},"state":"ACTIVE","etag":"1_36d9b78c-54ac-48de-bceb-b3b52885fb23"}
[info] i  Using project hassan-hayat (hassan-hayat) 
[info] 
=== Hosting Setup
[debug] [2025-09-06T16:43:35.225Z] Checked if tokens are valid: true, expires at: 1757178729165
[debug] [2025-09-06T16:43:35.226Z] Checked if tokens are valid: true, expires at: 1757178729165
[debug] [2025-09-06T16:43:35.226Z] >>> [apiv2][query] GET https://firebase.googleapis.com/v1beta1/projects/hassan-hayat [none]
[debug] [2025-09-06T16:43:36.452Z] <<< [apiv2][status] GET https://firebase.googleapis.com/v1beta1/projects/hassan-hayat 200
[debug] [2025-09-06T16:43:36.452Z] <<< [apiv2][body] GET https://firebase.googleapis.com/v1beta1/projects/hassan-hayat {"projectId":"hassan-hayat","projectNumber":"107703969845","displayName":"hassan-hayat","name":"projects/hassan-hayat","resources":{"hostingSite":"hassan-hayat"},"state":"ACTIVE","etag":"1_36d9b78c-54ac-48de-bceb-b3b52885fb23"}
[info] 
[info] Your public directory is the folder (relative to your project directory) that
[info] will contain Hosting assets to be uploaded with firebase deploy. If you
[info] have a build process for your assets, use your build's output directory.
[info] 
